#
# A fatal error has been detected by the Java Runtime Environment:
#
#  SIGSEGV (0xb) at pc=0x00007fff63c606f2, pid=7588, tid=6403
#
# JRE version:  (10.0.1+9) (build )
# Java VM: OpenJDK 64-Bit Server VM (10.0.1+9, mixed mode, tiered, compressed oops, g1 gc, bsd-amd64)
# Problematic frame:
# C  [libsystem_platform.dylib+0x16f2]  _platform_strlen+0x12
#
# No core dump will be written. Core dumps have been disabled. To enable core dumping, try "ulimit -c unlimited" before starting Java again
#
# If you would like to submit a bug report, please visit:
#   http://www.azulsystems.com/support/
#

---------------  S U M M A R Y ------------

Command Line: 

Host: MacBookPro11,4 x86_64 2800 MHz, 8 cores, 16G, Darwin 18.7.0
Time: Fri Jan 15 22:57:48 2021 PST elapsed time: 0 seconds (0d 0h 0m 0s)

---------------  T H R E A D  ---------------

Current thread (0x00007f8bc5804000):  JavaThread "Unknown thread" [_thread_in_vm, id=6403, stack(0x0000700009988000,0x0000700009a88000)]

Stack: [0x0000700009988000,0x0000700009a88000],  sp=0x0000700009a87aa0,  free space=1022k
Native frames: (J=compiled Java code, A=aot compiled Java code, j=interpreted, Vv=VM code, C=native code)
C  [libsystem_platform.dylib+0x16f2]  _platform_strlen+0x12
V  [libjvm.dylib+0x20c216]  ClassLoader::setup_boot_search_path(char const*)+0x20
V  [libjvm.dylib+0x20eb42]  ClassLoader::initialize()+0x5fc
V  [libjvm.dylib+0x39e447]  init_globals()+0x2d
V  [libjvm.dylib+0x6be51c]  Threads::create_vm(JavaVMInitArgs*, bool*)+0x24e
V  [libjvm.dylib+0x3d964f]  JNI_CreateJavaVM+0x70
C  [java+0x4598]  JavaMain+0x113
C  [libsystem_pthread.dylib+0x32eb]  _pthread_body+0x7e
C  [libsystem_pthread.dylib+0x6249]  _pthread_start+0x42
C  [libsystem_pthread.dylib+0x240d]  thread_start+0xd
C  0x0000000000000000


siginfo: si_signo: 11 (SIGSEGV), si_code: 1 (SEGV_MAPERR), si_addr: 0x0000000000000000

Registers:
RAX=0x0000000101ee80ba, RBX=0x00007f8bc5804000, RCX=0x0000000000000000, RDX=0x0000000000000000
RSP=0x0000700009a87aa0, RBP=0x0000700009a87aa0, RSI=0x0000000000000000, RDI=0x0000000000000000
R8 =0x0000000000000000, R9 =0x0000000000000000, R10=0x0000000000000000, R11=0x0000000000000000
R12=0x00007f8bc5804000, R13=0x0000000000000000, R14=0xb44101082a15007f, R15=0x0000700009a87e47
RIP=0x00007fff63c606f2, EFLAGS=0x0000000000010246, ERR=0x0000000000000004
  TRAPNO=0x000000000000000e

Top of Stack: (sp=0x0000700009a87aa0)
0x0000700009a87aa0:   0000700009a87bd0 000000010180c216
0x0000700009a87ab0:   0000700009a87ac0 0000000101be59fb
0x0000700009a87ac0:   0000700009a87b70 0000000101be3fc0
0x0000700009a87ad0:   0000000000000000 0000000000000022
0x0000700009a87ae0:   0000003000000020 0000700009a87b10
0x0000700009a87af0:   0000700009a87a30 b44101082a15007f
0x0000700009a87b00:   00000001004b601c 0000000000000002
0x0000700009a87b10:   0000000000000008 0000000000000038
0x0000700009a87b20:   0000700009a87b50 0000000101b8d7e1
0x0000700009a87b30:   00007f8bc6a01070 00007f8bc5604420
0x0000700009a87b40:   00007f8bc5604420 00007f8bc5601b10
0x0000700009a87b50:   0000700009a87b90 0000000101be43a5
0x0000700009a87b60:   0000000000000000 00007f8bc5604420
0x0000700009a87b70:   00007f8bc5604420 0000000000000004
0x0000700009a87b80:   b44101082a15007f 0000000000000000
0x0000700009a87b90:   00007f8bc5804000 0000000000000000
0x0000700009a87ba0:   b44101082a15007f 00007f8bc5804000
0x0000700009a87bb0:   00007f8bc5804000 0000000000000000
0x0000700009a87bc0:   b44101082a15007f 0000700009a87e47
0x0000700009a87bd0:   0000700009a87bf0 000000010180eb42
0x0000700009a87be0:   00007f8bc5804000 00007f8bc5804000
0x0000700009a87bf0:   0000700009a87c40 000000010199e447
0x0000700009a87c00:   00007f8bc5804000 00007f8bc6a00440
0x0000700009a87c10:   00007f8bc6a00480 00007f8bc6a00490
0x0000700009a87c20:   00007f8bc6a00568 00000000000000d8
0x0000700009a87c30:   00007f8bc6a00680 00007f8bc5804000
0x0000700009a87c40:   0000700009a87dd0 0000000101cbe51c
0x0000700009a87c50:   0000000000000000 0000000000000000
0x0000700009a87c60:   0000000000000000 0000000000000000
0x0000700009a87c70:   0000000000000000 0000000000000000
0x0000700009a87c80:   0000000000000000 0000000000000000
0x0000700009a87c90:   0000000000000000 0000000000000100 

Instructions: (pc=0x00007fff63c606f2)
0x00007fff63c606d2:   90 90 90 90 90 90 90 90 90 90 90 90 90 90 55 48
0x00007fff63c606e2:   89 e5 48 89 f9 48 89 fa 48 83 e7 f0 66 0f ef c0
0x00007fff63c606f2:   66 0f 74 07 66 0f d7 f0 48 83 e1 0f 48 83 c8 ff
0x00007fff63c60702:   48 d3 e0 21 c6 74 17 0f bc c6 48 29 d7 48 01 f8 


---------------  P R O C E S S  ---------------

Threads class SMR info:
_java_thread_list=0x00007f8bc56003e0, length=0, elements={
}

Java Threads: ( => current thread )

Other Threads:

[error occurred during error reporting (printing all threads), id 0xb]

VM state:not at safepoint (not fully initialized)

VM Mutex/Monitor currently owned by a thread: None


[error occurred during error reporting (printing compressed oops mode), id 0xb]

Deoptimization events (0 events):
No events

Classes redefined (0 events):
No events

Internal exceptions (0 events):
No events

Events (0 events):
No events


Dynamic libraries:
0x00007fff371e1000 	/System/Library/Frameworks/Cocoa.framework/Versions/A/Cocoa
0x00007fff42fb2000 	/System/Library/Frameworks/Security.framework/Versions/A/Security
0x00007fff35e73000 	/System/Library/Frameworks/ApplicationServices.framework/Versions/A/ApplicationServices
0x00007fff63105000 	/usr/lib/libz.1.dylib
0x00007fff60a5c000 	/usr/lib/libSystem.B.dylib
0x00007fff37a56000 	/System/Library/Frameworks/CoreFoundation.framework/Versions/A/CoreFoundation
0x00007fff39cdb000 	/System/Library/Frameworks/Foundation.framework/Versions/C/Foundation
0x00007fff62295000 	/usr/lib/libobjc.A.dylib
0x00007fff3506c000 	/System/Library/Frameworks/AppKit.framework/Versions/C/AppKit
0x00007fff375df000 	/System/Library/Frameworks/CoreData.framework/Versions/A/CoreData
0x00007fff5a521000 	/System/Library/PrivateFrameworks/RemoteViewServices.framework/Versions/A/RemoteViewServices
0x00007fff5e798000 	/System/Library/PrivateFrameworks/UIFoundation.framework/Versions/A/UIFoundation
0x00007fff5fe7d000 	/System/Library/PrivateFrameworks/XCTTargetBootstrap.framework/Versions/A/XCTTargetBootstrap
0x00007fff37965000 	/System/Library/Frameworks/CoreDisplay.framework/Versions/A/CoreDisplay
0x00007fff55203000 	/System/Library/PrivateFrameworks/IconServices.framework/Versions/A/IconServices
0x00007fff3c610000 	/System/Library/Frameworks/Metal.framework/Versions/A/Metal
0x00007fff4c741000 	/System/Library/PrivateFrameworks/DesktopServicesPriv.framework/Versions/A/DesktopServicesPriv
0x00007fff615f8000 	/usr/lib/libenergytrace.dylib
0x00007fff5cc80000 	/System/Library/PrivateFrameworks/SkyLight.framework/Versions/A/SkyLight
0x00007fff37e9d000 	/System/Library/Frameworks/CoreGraphics.framework/Versions/A/CoreGraphics
0x00007fff33e38000 	/System/Library/Frameworks/Accelerate.framework/Versions/A/Accelerate
0x00007fff3a424000 	/System/Library/Frameworks/IOSurface.framework/Versions/A/IOSurface
0x00007fff4c5ad000 	/System/Library/PrivateFrameworks/DFRFoundation.framework/Versions/A/DFRFoundation
0x00007fff36356000 	/System/Library/Frameworks/AudioToolbox.framework/Versions/A/AudioToolbox
0x00007fff365cf000 	/System/Library/Frameworks/AudioUnit.framework/Versions/A/AudioUnit
0x00007fff4c642000 	/System/Library/PrivateFrameworks/DataDetectorsCore.framework/Versions/A/DataDetectorsCore
0x00007fff36ce4000 	/System/Library/Frameworks/Carbon.framework/Versions/A/Frameworks/HIToolbox.framework/Versions/A/HIToolbox
0x00007fff61751000 	/usr/lib/libicucore.A.dylib
0x00007fff42523000 	/System/Library/Frameworks/QuartzCore.framework/Versions/A/QuartzCore
0x00007fff370b9000 	/System/Library/Frameworks/Carbon.framework/Versions/A/Frameworks/SpeechRecognition.framework/Versions/A/SpeechRecognition
0x00007fff60bb0000 	/usr/lib/libauto.dylib
0x00007fff62ff8000 	/usr/lib/libxml2.2.dylib
0x00007fff4c188000 	/System/Library/PrivateFrameworks/CoreUI.framework/Versions/A/CoreUI
0x00007fff374ca000 	/System/Library/Frameworks/CoreAudio.framework/Versions/A/CoreAudio
0x00007fff39b0f000 	/System/Library/Frameworks/DiskArbitration.framework/Versions/A/DiskArbitration
0x00007fff619ff000 	/usr/lib/liblangid.dylib
0x00007fff56660000 	/System/Library/PrivateFrameworks/MultitouchSupport.framework/Versions/A/MultitouchSupport
0x00007fff3a393000 	/System/Library/Frameworks/IOKit.framework/Versions/A/IOKit
0x00007fff6061c000 	/usr/lib/libDiagnosticMessagesClient.dylib
0x00007fff38cad000 	/System/Library/Frameworks/CoreServices.framework/Versions/A/CoreServices
0x00007fff5831c000 	/System/Library/PrivateFrameworks/PerformanceAnalysis.framework/Versions/A/PerformanceAnalysis
0x00007fff4170a000 	/System/Library/Frameworks/OpenGL.framework/Versions/A/OpenGL
0x00007fff371ef000 	/System/Library/Frameworks/ColorSync.framework/Versions/A/ColorSync
0x00007fff3852f000 	/System/Library/Frameworks/CoreImage.framework/Versions/A/CoreImage
0x00007fff39685000 	/System/Library/Frameworks/CoreText.framework/Versions/A/CoreText
0x00007fff3a487000 	/System/Library/Frameworks/ImageIO.framework/Versions/A/ImageIO
0x00007fff487d8000 	/System/Library/PrivateFrameworks/Backup.framework/Versions/A/Backup
0x00007fff60b03000 	/usr/lib/libarchive.2.dylib
0x00007fff36928000 	/System/Library/Frameworks/CFNetwork.framework/Versions/A/CFNetwork
0x00007fff4370e000 	/System/Library/Frameworks/SystemConfiguration.framework/Versions/A/SystemConfiguration
0x00007fff6054d000 	/usr/lib/libCRFSuite.dylib
0x00007fff60ca1000 	/usr/lib/libc++.1.dylib
0x00007fff60cf5000 	/usr/lib/libc++abi.dylib
0x00007fff638fb000 	/usr/lib/system/libcache.dylib
0x00007fff63900000 	/usr/lib/system/libcommonCrypto.dylib
0x00007fff6390b000 	/usr/lib/system/libcompiler_rt.dylib
0x00007fff63913000 	/usr/lib/system/libcopyfile.dylib
0x00007fff6391d000 	/usr/lib/system/libcorecrypto.dylib
0x00007fff63a28000 	/usr/lib/system/libdispatch.dylib
0x00007fff63a62000 	/usr/lib/system/libdyld.dylib
0x00007fff63a8f000 	/usr/lib/system/libkeymgr.dylib
0x00007fff63a9d000 	/usr/lib/system/liblaunch.dylib
0x00007fff63a9e000 	/usr/lib/system/libmacho.dylib
0x00007fff63aa4000 	/usr/lib/system/libquarantine.dylib
0x00007fff63aa7000 	/usr/lib/system/libremovefile.dylib
0x00007fff63aa9000 	/usr/lib/system/libsystem_asl.dylib
0x00007fff63ac1000 	/usr/lib/system/libsystem_blocks.dylib
0x00007fff63ac2000 	/usr/lib/system/libsystem_c.dylib
0x00007fff63b4a000 	/usr/lib/system/libsystem_configuration.dylib
0x00007fff63b4e000 	/usr/lib/system/libsystem_coreservices.dylib
0x00007fff63b52000 	/usr/lib/system/libsystem_darwin.dylib
0x00007fff63b59000 	/usr/lib/system/libsystem_dnssd.dylib
0x00007fff63b60000 	/usr/lib/system/libsystem_info.dylib
0x00007fff63bd5000 	/usr/lib/system/libsystem_m.dylib
0x00007fff63c21000 	/usr/lib/system/libsystem_malloc.dylib
0x00007fff63c4c000 	/usr/lib/system/libsystem_networkextension.dylib
0x00007fff63c57000 	/usr/lib/system/libsystem_notify.dylib
0x00007fff63c74000 	/usr/lib/system/libsystem_sandbox.dylib
0x00007fff63c78000 	/usr/lib/system/libsystem_secinit.dylib
0x00007fff63bac000 	/usr/lib/system/libsystem_kernel.dylib
0x00007fff63c5f000 	/usr/lib/system/libsystem_platform.dylib
0x00007fff63c69000 	/usr/lib/system/libsystem_pthread.dylib
0x00007fff63c7b000 	/usr/lib/system/libsystem_symptoms.dylib
0x00007fff63c83000 	/usr/lib/system/libsystem_trace.dylib
0x00007fff63c9a000 	/usr/lib/system/libunwind.dylib
0x00007fff63ca0000 	/usr/lib/system/libxpc.dylib
0x00007fff60c82000 	/usr/lib/libbsm.0.dylib
0x00007fff63a90000 	/usr/lib/system/libkxld.dylib
0x00007fff47bc9000 	/System/Library/PrivateFrameworks/AppleFSCompression.framework/Versions/A/AppleFSCompression
0x00007fff6091c000 	/usr/lib/libOpenScriptingUtil.dylib
0x00007fff60faa000 	/usr/lib/libcoretls.dylib
0x00007fff60fc1000 	/usr/lib/libcoretls_cfhelpers.dylib
0x00007fff62a2c000 	/usr/lib/libpam.2.dylib
0x00007fff62bec000 	/usr/lib/libsqlite3.dylib
0x00007fff62fe6000 	/usr/lib/libxar.1.dylib
0x00007fff60c93000 	/usr/lib/libbz2.1.0.dylib
0x00007fff61a01000 	/usr/lib/liblzma.5.dylib
0x00007fff61eb2000 	/usr/lib/libnetwork.dylib
0x00007fff60aec000 	/usr/lib/libapple_nghttp2.dylib
0x00007fff62a33000 	/usr/lib/libpcap.A.dylib
0x00007fff3904c000 	/System/Library/Frameworks/CoreServices.framework/Versions/A/Frameworks/FSEvents.framework/Versions/A/FSEvents
0x00007fff38d2b000 	/System/Library/Frameworks/CoreServices.framework/Versions/A/Frameworks/CarbonCore.framework/Versions/A/CarbonCore
0x00007fff39207000 	/System/Library/Frameworks/CoreServices.framework/Versions/A/Frameworks/Metadata.framework/Versions/A/Metadata
0x00007fff392a6000 	/System/Library/Frameworks/CoreServices.framework/Versions/A/Frameworks/OSServices.framework/Versions/A/OSServices
0x00007fff392f1000 	/System/Library/Frameworks/CoreServices.framework/Versions/A/Frameworks/SearchKit.framework/Versions/A/SearchKit
0x00007fff38cae000 	/System/Library/Frameworks/CoreServices.framework/Versions/A/Frameworks/AE.framework/Versions/A/AE
0x00007fff39055000 	/System/Library/Frameworks/CoreServices.framework/Versions/A/Frameworks/LaunchServices.framework/Versions/A/LaunchServices
0x00007fff39003000 	/System/Library/Frameworks/CoreServices.framework/Versions/A/Frameworks/DictionaryServices.framework/Versions/A/DictionaryServices
0x00007fff39359000 	/System/Library/Frameworks/CoreServices.framework/Versions/A/Frameworks/SharedFileList.framework/Versions/A/SharedFileList
0x00007fff3d6e5000 	/System/Library/Frameworks/NetFS.framework/Versions/A/NetFS
0x00007fff568c6000 	/System/Library/PrivateFrameworks/NetAuth.framework/Versions/A/NetAuth
0x00007fff60281000 	/System/Library/PrivateFrameworks/login.framework/Versions/A/Frameworks/loginsupport.framework/Versions/A/loginsupport
0x00007fff5e3a1000 	/System/Library/PrivateFrameworks/TCC.framework/Versions/A/TCC
0x00007fff4b7e5000 	/System/Library/PrivateFrameworks/CoreNLP.framework/Versions/A/CoreNLP
0x00007fff5630a000 	/System/Library/PrivateFrameworks/MetadataUtilities.framework/Versions/A/MetadataUtilities
0x00007fff61ad6000 	/usr/lib/libmecabra.dylib
0x00007fff35e74000 	/System/Library/Frameworks/ApplicationServices.framework/Versions/A/Frameworks/ATS.framework/Versions/A/ATS
0x00007fff361c3000 	/System/Library/Frameworks/ApplicationServices.framework/Versions/A/Frameworks/ColorSyncLegacy.framework/Versions/A/ColorSyncLegacy
0x00007fff36262000 	/System/Library/Frameworks/ApplicationServices.framework/Versions/A/Frameworks/HIServices.framework/Versions/A/HIServices
0x00007fff362b5000 	/System/Library/Frameworks/ApplicationServices.framework/Versions/A/Frameworks/LangAnalysis.framework/Versions/A/LangAnalysis
0x00007fff362c5000 	/System/Library/Frameworks/ApplicationServices.framework/Versions/A/Frameworks/PrintCore.framework/Versions/A/PrintCore
0x00007fff3630f000 	/System/Library/Frameworks/ApplicationServices.framework/Versions/A/Frameworks/QD.framework/Versions/A/QD
0x00007fff36349000 	/System/Library/Frameworks/ApplicationServices.framework/Versions/A/Frameworks/SpeechSynthesis.framework/Versions/A/SpeechSynthesis
0x00007fff60d1d000 	/usr/lib/libcompression.dylib
0x00007fff3c8e0000 	/System/Library/Frameworks/MetalPerformanceShaders.framework/Versions/A/MetalPerformanceShaders
0x00007fff33e50000 	/System/Library/Frameworks/Accelerate.framework/Versions/A/Frameworks/vImage.framework/Versions/A/vImage
0x00007fff34eca000 	/System/Library/Frameworks/Accelerate.framework/Versions/A/Frameworks/vecLib.framework/Versions/A/vecLib
0x00007fff34e16000 	/System/Library/Frameworks/Accelerate.framework/Versions/A/Frameworks/vecLib.framework/Versions/A/libvMisc.dylib
0x00007fff34c2e000 	/System/Library/Frameworks/Accelerate.framework/Versions/A/Frameworks/vecLib.framework/Versions/A/libvDSP.dylib
0x00007fff344ea000 	/System/Library/Frameworks/Accelerate.framework/Versions/A/Frameworks/vecLib.framework/Versions/A/libBLAS.dylib
0x00007fff347d7000 	/System/Library/Frameworks/Accelerate.framework/Versions/A/Frameworks/vecLib.framework/Versions/A/libLAPACK.dylib
0x00007fff34b81000 	/System/Library/Frameworks/Accelerate.framework/Versions/A/Frameworks/vecLib.framework/Versions/A/libLinearAlgebra.dylib
0x00007fff34c1a000 	/System/Library/Frameworks/Accelerate.framework/Versions/A/Frameworks/vecLib.framework/Versions/A/libSparseBLAS.dylib
0x00007fff34b97000 	/System/Library/Frameworks/Accelerate.framework/Versions/A/Frameworks/vecLib.framework/Versions/A/libQuadrature.dylib
0x00007fff34764000 	/System/Library/Frameworks/Accelerate.framework/Versions/A/Frameworks/vecLib.framework/Versions/A/libBNNS.dylib
0x00007fff34b9d000 	/System/Library/Frameworks/Accelerate.framework/Versions/A/Frameworks/vecLib.framework/Versions/A/libSparse.dylib
0x00007fff52b33000 	/System/Library/PrivateFrameworks/GPUWrangler.framework/Versions/A/GPUWrangler
0x00007fff54e38000 	/System/Library/PrivateFrameworks/IOAccelerator.framework/Versions/A/IOAccelerator
0x00007fff54e43000 	/System/Library/PrivateFrameworks/IOPresentment.framework/Versions/A/IOPresentment
0x00007fff4c5bd000 	/System/Library/PrivateFrameworks/DSExternalDisplay.framework/Versions/A/DSExternalDisplay
0x00007fff40b61000 	/System/Library/Frameworks/OpenGL.framework/Versions/A/Libraries/libCoreFSCache.dylib
0x00007fff3c6d4000 	/System/Library/Frameworks/MetalPerformanceShaders.framework/Frameworks/MPSCore.framework/Versions/A/MPSCore
0x00007fff3c6f4000 	/System/Library/Frameworks/MetalPerformanceShaders.framework/Frameworks/MPSImage.framework/Versions/A/MPSImage
0x00007fff3c799000 	/System/Library/Frameworks/MetalPerformanceShaders.framework/Frameworks/MPSNeuralNetwork.framework/Versions/A/MPSNeuralNetwork
0x00007fff3c771000 	/System/Library/Frameworks/MetalPerformanceShaders.framework/Frameworks/MPSMatrix.framework/Versions/A/MPSMatrix
0x00007fff3c8c5000 	/System/Library/Frameworks/MetalPerformanceShaders.framework/Frameworks/MPSRayIntersector.framework/Versions/A/MPSRayIntersector
0x00007fff56333000 	/System/Library/PrivateFrameworks/MetalTools.framework/Versions/A/MetalTools
0x00007fff47471000 	/System/Library/PrivateFrameworks/AggregateDictionary.framework/Versions/A/AggregateDictionary
0x00007fff608fc000 	/usr/lib/libMobileGestalt.dylib
0x00007fff397e8000 	/System/Library/Frameworks/CoreVideo.framework/Versions/A/CoreVideo
0x00007fff53944000 	/System/Library/PrivateFrameworks/GraphVisualizer.framework/Versions/A/GraphVisualizer
0x00007fff4d7c3000 	/System/Library/PrivateFrameworks/FaceCore.framework/Versions/A/FaceCore
0x00007fff4018f000 	/System/Library/Frameworks/OpenCL.framework/Versions/A/OpenCL
0x00007fff60654000 	/usr/lib/libFosl_dynamic.dylib
0x00007fff57132000 	/System/Library/PrivateFrameworks/OTSVG.framework/Versions/A/OTSVG
0x00007fff35f78000 	/System/Library/Frameworks/ApplicationServices.framework/Versions/A/Frameworks/ATS.framework/Versions/A/Resources/libFontParser.dylib
0x00007fff36090000 	/System/Library/Frameworks/ApplicationServices.framework/Versions/A/Frameworks/ATS.framework/Versions/A/Resources/libFontRegistry.dylib
0x00007fff3a6f6000 	/System/Library/Frameworks/ImageIO.framework/Versions/A/Resources/libJPEG.dylib
0x00007fff3aa1b000 	/System/Library/Frameworks/ImageIO.framework/Versions/A/Resources/libTIFF.dylib
0x00007fff3a9f1000 	/System/Library/Frameworks/ImageIO.framework/Versions/A/Resources/libPng.dylib
0x00007fff3a614000 	/System/Library/Frameworks/ImageIO.framework/Versions/A/Resources/libGIF.dylib
0x00007fff3a619000 	/System/Library/Frameworks/ImageIO.framework/Versions/A/Resources/libJP2.dylib
0x00007fff3aa18000 	/System/Library/Frameworks/ImageIO.framework/Versions/A/Resources/libRadiance.dylib
0x00007fff47d20000 	/System/Library/PrivateFrameworks/AppleJPEG.framework/Versions/A/AppleJPEG
0x00007fff40b6c000 	/System/Library/Frameworks/OpenGL.framework/Versions/A/Libraries/libGFXShared.dylib
0x00007fff40d2f000 	/System/Library/Frameworks/OpenGL.framework/Versions/A/Libraries/libGLU.dylib
0x00007fff40b75000 	/System/Library/Frameworks/OpenGL.framework/Versions/A/Libraries/libGL.dylib
0x00007fff40b81000 	/System/Library/Frameworks/OpenGL.framework/Versions/A/Libraries/libGLImage.dylib
0x00007fff40b5e000 	/System/Library/Frameworks/OpenGL.framework/Versions/A/Libraries/libCVMSPluginSupport.dylib
0x00007fff40b67000 	/System/Library/Frameworks/OpenGL.framework/Versions/A/Libraries/libCoreVMClient.dylib
0x00007fff6146e000 	/usr/lib/libcups.2.dylib
0x00007fff3bbdb000 	/System/Library/Frameworks/Kerberos.framework/Versions/A/Kerberos
0x00007fff3a0f7000 	/System/Library/Frameworks/GSS.framework/Versions/A/GSS
0x00007fff62b81000 	/usr/lib/libresolv.9.dylib
0x00007fff61660000 	/usr/lib/libiconv.2.dylib
0x00007fff53ab9000 	/System/Library/PrivateFrameworks/Heimdal.framework/Versions/A/Heimdal
0x00007fff61630000 	/usr/lib/libheimdal-asn1.dylib
0x00007fff40203000 	/System/Library/Frameworks/OpenDirectory.framework/Versions/A/OpenDirectory
0x00007fff4a548000 	/System/Library/PrivateFrameworks/CommonAuth.framework/Versions/A/CommonAuth
0x00007fff401e7000 	/System/Library/Frameworks/OpenDirectory.framework/Versions/A/Frameworks/CFOpenDirectory.framework/Versions/A/CFOpenDirectory
0x00007fff432b3000 	/System/Library/Frameworks/SecurityFoundation.framework/Versions/A/SecurityFoundation
0x00007fff469b7000 	/System/Library/PrivateFrameworks/APFS.framework/Versions/A/APFS
0x00007fff62fe2000 	/usr/lib/libutil.dylib
0x00007fff60d0b000 	/usr/lib/libcharset.1.dylib
0x00007fff47fbd000 	/System/Library/PrivateFrameworks/AppleSauce.framework/Versions/A/AppleSauce
0x00007fff4813e000 	/System/Library/PrivateFrameworks/AssertionServices.framework/Versions/A/AssertionServices
0x00007fff4886e000 	/System/Library/PrivateFrameworks/BaseBoard.framework/Versions/A/BaseBoard
0x00007fff61a31000 	/usr/lib/libmecab.1.0.0.dylib
0x00007fff6162a000 	/usr/lib/libgermantok.dylib
0x00007fff60ad9000 	/usr/lib/libThaiTokenizer.dylib
0x00007fff60584000 	/usr/lib/libChineseTokenizer.dylib
0x00007fff554f0000 	/System/Library/PrivateFrameworks/LanguageModeling.framework/Versions/A/LanguageModeling
0x00007fff4b22a000 	/System/Library/PrivateFrameworks/CoreEmoji.framework/Versions/A/CoreEmoji
0x00007fff555cc000 	/System/Library/PrivateFrameworks/Lexicon.framework/Versions/A/Lexicon
0x00007fff5560f000 	/System/Library/PrivateFrameworks/LinguisticData.framework/Versions/A/LinguisticData
0x00007fff60d0c000 	/usr/lib/libcmph.dylib
0x00007fff43371000 	/System/Library/Frameworks/ServiceManagement.framework/Versions/A/ServiceManagement
0x00007fff487cf000 	/System/Library/PrivateFrameworks/BackgroundTaskManagement.framework/Versions/A/BackgroundTaskManagement
0x00007fff630dc000 	/usr/lib/libxslt.1.dylib
0x00007fff36fe6000 	/System/Library/Frameworks/Carbon.framework/Versions/A/Frameworks/Ink.framework/Versions/A/Ink
0x00007fff5e613000 	/System/Library/PrivateFrameworks/TextureIO.framework/Versions/A/TextureIO
0x00007fff60b2d000 	/usr/lib/libate.dylib
0x00007fff4c50c000 	/System/Library/PrivateFrameworks/CrashReporterSupport.framework/Versions/A/CrashReporterSupport
0x00007fff5bd4d000 	/System/Library/PrivateFrameworks/Sharing.framework/Versions/A/Sharing
0x00007fff48521000 	/System/Library/PrivateFrameworks/AuthKit.framework/Versions/A/AuthKit
0x00007fff47a75000 	/System/Library/PrivateFrameworks/Apple80211.framework/Versions/A/Apple80211
0x00007fff4c2b4000 	/System/Library/PrivateFrameworks/CoreUtils.framework/Versions/A/CoreUtils
0x00007fff39829000 	/System/Library/Frameworks/CoreWLAN.framework/Versions/A/CoreWLAN
0x00007fff3a226000 	/System/Library/Frameworks/IOBluetooth.framework/Versions/A/IOBluetooth
0x00007fff5a1bd000 	/System/Library/PrivateFrameworks/ProtocolBuffer.framework/Versions/A/ProtocolBuffer
0x00007fff565bc000 	/System/Library/PrivateFrameworks/MobileKeyBag.framework/Versions/A/MobileKeyBag
0x00007fff4baf8000 	/System/Library/PrivateFrameworks/CorePhoneNumbers.framework/Versions/A/CorePhoneNumbers
0x00007fff47cd4000 	/System/Library/PrivateFrameworks/AppleIDAuthSupport.framework/Versions/A/AppleIDAuthSupport
0x00007fff554c3000 	/System/Library/PrivateFrameworks/KeychainCircle.framework/Versions/A/KeychainCircle
0x00007fff5a373000 	/System/Library/PrivateFrameworks/ROCKit.framework/Versions/A/ROCKit
0x00007fff4c4a8000 	/System/Library/PrivateFrameworks/CoreWiFi.framework/Versions/A/CoreWiFi
0x00007fff375b4000 	/System/Library/Frameworks/CoreBluetooth.framework/Versions/A/CoreBluetooth
0x00007fff4c703000 	/System/Library/PrivateFrameworks/DebugSymbols.framework/Versions/A/DebugSymbols
0x00007fff4c074000 	/System/Library/PrivateFrameworks/CoreSymbolication.framework/Versions/A/CoreSymbolication
0x00007fff5de30000 	/System/Library/PrivateFrameworks/Symbolication.framework/Versions/A/Symbolication
0x00007fff5d6d3000 	/System/Library/PrivateFrameworks/SpeechRecognitionCore.framework/Versions/A/SpeechRecognitionCore
0x0000000101600000 	/Users/vijay.karani/GDrive/Firefly/jdk/openjdk_10.0.1_x64/lib/server/libjvm.dylib
0x00007fff62ebd000 	/usr/lib/libstdc++.6.dylib
0x000000010041b000 	/Users/vijay.karani/GDrive/Firefly/jdk/openjdk_10.0.1_x64/lib/libverify.dylib
0x0000000100428000 	/Users/vijay.karani/GDrive/Firefly/jdk/openjdk_10.0.1_x64/lib/libjava.dylib
0x00000001004bd000 	/Users/vijay.karani/GDrive/Firefly/jdk/openjdk_10.0.1_x64/lib/libzip.dylib
0x00000001004c5000 	/Users/vijay.karani/GDrive/Firefly/jdk/openjdk_10.0.1_x64/lib/libjimage.dylib


VM Arguments:
java_command: <unknown>
java_class_path (initial): <not set>
Launcher Type: SUN_STANDARD

Logging:
Log output configuration:
#0: stdout all=warning uptime,level,tags
#1: stderr all=off uptime,level,tags

Environment Variables:
PATH=/usr/bin:/bin:/usr/sbin:/sbin
SHELL=/bin/bash

Signal Handlers:
SIGSEGV: [libjvm.dylib+0x70d894], sa_mask[0]=11111111011111110111111111111111, sa_flags=SA_ONSTACK|SA_RESTART|SA_SIGINFO
SIGBUS: [libjvm.dylib+0x70d894], sa_mask[0]=11111111011111110111111111111111, sa_flags=SA_RESTART|SA_SIGINFO
SIGFPE: [libjvm.dylib+0x70d894], sa_mask[0]=11111111011111110111111111111111, sa_flags=SA_RESTART|SA_SIGINFO
SIGPIPE: [libjvm.dylib+0x5af100], sa_mask[0]=11111111011111110111111111111111, sa_flags=SA_RESTART|SA_SIGINFO
SIGXFSZ: [libjvm.dylib+0x5af100], sa_mask[0]=11111111011111110111111111111111, sa_flags=SA_RESTART|SA_SIGINFO
SIGILL: [libjvm.dylib+0x70d894], sa_mask[0]=11111111011111110111111111111111, sa_flags=SA_RESTART|SA_SIGINFO
SIGUSR2: [libjvm.dylib+0x5af990], sa_mask[0]=00100000000000000000000000000000, sa_flags=SA_RESTART|SA_SIGINFO
SIGHUP: SIG_DFL, sa_mask[0]=11111111011111110111111111111111, sa_flags=SA_RESTART|SA_SIGINFO
SIGINT: SIG_DFL, sa_mask[0]=11111111011111110111111111111111, sa_flags=SA_RESTART|SA_SIGINFO
SIGTERM: SIG_DFL, sa_mask[0]=11111111011111110111111111111111, sa_flags=SA_RESTART|SA_SIGINFO
SIGQUIT: SIG_DFL, sa_mask[0]=11111111011111110111111111111111, sa_flags=SA_RESTART|SA_SIGINFO


---------------  S Y S T E M  ---------------

OS:uname:Darwin 18.7.0 Darwin Kernel Version 18.7.0: Thu Dec 10 19:58:19 PST 2020; root:xnu-4903.278.53~1/RELEASE_X86_64 x86_64
rlimit: STACK 8192k, CORE 0k, NPROC 1418, NOFILE 10240, AS infinity, DATA infinity, FSIZE infinity
load average:9.94 4.34 3.41

CPU:total 8 (initial active 8) 

Memory: 4k page, physical 16777216k(33688k free)

vm_info: OpenJDK 64-Bit Server VM (10.0.1+9) for bsd-amd64 JRE (10.0.1+9), built on Apr  6 2018 05:40:39 by "tester" with gcc 4.2.1 Compatible Apple LLVM 6.1.0 (clang-602.0.53)

END.
